03-Sep-2024 00:06:23.534 INFO [Thread-1] org.apache.coyote.AbstractProtocol.pause Pausing ProtocolHandler ["http-nio-8088"]
03-Sep-2024 00:06:23.552 INFO [Thread-1] org.apache.catalina.core.StandardService.stopInternal Stopping service [Catalina]
03-Sep-2024 00:06:23.566 WARNING [Thread-1] org.apache.catalina.loader.WebappClassLoaderBase.clearReferencesJdbc The web application [LeaveManagement] registered the JDBC driver [com.mysql.cj.jdbc.Driver] but failed to unregister it when the web application was stopped. To prevent a memory leak, the JDBC Driver has been forcibly unregistered.
03-Sep-2024 00:06:23.567 WARNING [Thread-1] org.apache.catalina.loader.WebappClassLoaderBase.clearReferencesThreads The web application [LeaveManagement] appears to have started a thread named [mysql-cj-abandoned-connection-cleanup] but has failed to stop it. This is very likely to create a memory leak. Stack trace of thread:
 java.base/jdk.internal.misc.Unsafe.park(Native Method)
 java.base/java.util.concurrent.locks.LockSupport.parkNanos(LockSupport.java:269)
 java.base/java.util.concurrent.locks.AbstractQueuedSynchronizer$ConditionObject.await(AbstractQueuedSynchronizer.java:1847)
 java.base/java.lang.ref.ReferenceQueue.await(ReferenceQueue.java:71)
 java.base/java.lang.ref.ReferenceQueue.remove0(ReferenceQueue.java:143)
 java.base/java.lang.ref.ReferenceQueue.remove(ReferenceQueue.java:218)
 com.mysql.cj.jdbc.AbandonedConnectionCleanupThread.run(AbandonedConnectionCleanupThread.java:91)
 java.base/java.util.concurrent.ThreadPoolExecutor.runWorker(ThreadPoolExecutor.java:1144)
 java.base/java.util.concurrent.ThreadPoolExecutor$Worker.run(ThreadPoolExecutor.java:642)
 java.base/java.lang.Thread.run(Thread.java:1583)
03-Sep-2024 00:06:23.574 INFO [Thread-1] org.apache.coyote.AbstractProtocol.stop Stopping ProtocolHandler ["http-nio-8088"]
03-Sep-2024 00:06:23.581 INFO [Thread-1] org.apache.coyote.AbstractProtocol.destroy Destroying ProtocolHandler ["http-nio-8088"]
03-Sep-2024 00:06:26.433 INFO [main] org.apache.catalina.startup.VersionLoggerListener.log Server version name:   Apache Tomcat/11.0.0-M24
03-Sep-2024 00:06:26.437 INFO [main] org.apache.catalina.startup.VersionLoggerListener.log Server built:          Aug 2 2024 13:16:30 UTC
03-Sep-2024 00:06:26.437 INFO [main] org.apache.catalina.startup.VersionLoggerListener.log Server version number: 11.0.0.0
03-Sep-2024 00:06:26.437 INFO [main] org.apache.catalina.startup.VersionLoggerListener.log OS Name:               Windows 11
03-Sep-2024 00:06:26.437 INFO [main] org.apache.catalina.startup.VersionLoggerListener.log OS Version:            10.0
03-Sep-2024 00:06:26.437 INFO [main] org.apache.catalina.startup.VersionLoggerListener.log Architecture:          amd64
03-Sep-2024 00:06:26.437 INFO [main] org.apache.catalina.startup.VersionLoggerListener.log Java Home:             C:\Program Files\Java\jdk-21
03-Sep-2024 00:06:26.437 INFO [main] org.apache.catalina.startup.VersionLoggerListener.log JVM Version:           21.0.4+8-LTS-274
03-Sep-2024 00:06:26.437 INFO [main] org.apache.catalina.startup.VersionLoggerListener.log JVM Vendor:            Oracle Corporation
03-Sep-2024 00:06:26.439 INFO [main] org.apache.catalina.startup.VersionLoggerListener.log CATALINA_BASE:         C:\Users\lopamudrab_700055\Desktop\IdeaProjects\LeaveManagement
03-Sep-2024 00:06:26.439 INFO [main] org.apache.catalina.startup.VersionLoggerListener.log CATALINA_HOME:         C:\Users\lopamudrab_700055\Downloads\apache-tomcat-11.0.0-M24
03-Sep-2024 00:06:26.451 INFO [main] org.apache.catalina.startup.VersionLoggerListener.log Command line argument: --add-opens=java.base/java.lang=ALL-UNNAMED
03-Sep-2024 00:06:26.451 INFO [main] org.apache.catalina.startup.VersionLoggerListener.log Command line argument: --add-opens=java.base/java.io=ALL-UNNAMED
03-Sep-2024 00:06:26.451 INFO [main] org.apache.catalina.startup.VersionLoggerListener.log Command line argument: --add-opens=java.base/java.util=ALL-UNNAMED
03-Sep-2024 00:06:26.451 INFO [main] org.apache.catalina.startup.VersionLoggerListener.log Command line argument: --add-opens=java.base/java.util.concurrent=ALL-UNNAMED
03-Sep-2024 00:06:26.451 INFO [main] org.apache.catalina.startup.VersionLoggerListener.log Command line argument: --add-opens=java.rmi/sun.rmi.transport=ALL-UNNAMED
03-Sep-2024 00:06:26.451 INFO [main] org.apache.catalina.startup.VersionLoggerListener.log Command line argument: -Dcatalina.home=C:\Users\lopamudrab_700055\Downloads\apache-tomcat-11.0.0-M24
03-Sep-2024 00:06:26.451 INFO [main] org.apache.catalina.startup.VersionLoggerListener.log Command line argument: -Dcatalina.base=C:\Users\lopamudrab_700055\Desktop\IdeaProjects\LeaveManagement
03-Sep-2024 00:06:26.452 INFO [main] org.apache.catalina.startup.VersionLoggerListener.log Command line argument: -Djava.io.tmpdir=C:\Users\lopamudrab_700055\Desktop\IdeaProjects\LeaveManagement\temp
03-Sep-2024 00:06:26.452 INFO [main] org.apache.catalina.startup.VersionLoggerListener.log Command line argument: -Djava.util.logging.config.file=C:\Users\lopamudrab_700055\Desktop\IdeaProjects\LeaveManagement\conf\logging.properties
03-Sep-2024 00:06:26.452 INFO [main] org.apache.catalina.startup.VersionLoggerListener.log Command line argument: -Djava.util.logging.manager=org.apache.juli.ClassLoaderLogManager
03-Sep-2024 00:06:26.452 INFO [main] org.apache.catalina.startup.VersionLoggerListener.log Command line argument: -javaagent:C:\Program Files\JetBrains\IntelliJ IDEA 2024.2\lib\idea_rt.jar=55355:C:\Program Files\JetBrains\IntelliJ IDEA 2024.2\bin
03-Sep-2024 00:06:26.452 INFO [main] org.apache.catalina.startup.VersionLoggerListener.log Command line argument: -Dfile.encoding=UTF-8
03-Sep-2024 00:06:26.452 INFO [main] org.apache.catalina.startup.VersionLoggerListener.log Command line argument: -Dsun.stdout.encoding=UTF-8
03-Sep-2024 00:06:26.452 INFO [main] org.apache.catalina.startup.VersionLoggerListener.log Command line argument: -Dsun.stderr.encoding=UTF-8
03-Sep-2024 00:06:26.455 INFO [main] org.apache.catalina.core.AprLifecycleListener.lifecycleEvent Loaded Apache Tomcat Native library [2.0.8] using APR version [1.7.4].
03-Sep-2024 00:06:26.467 INFO [main] org.apache.catalina.core.AprLifecycleListener.initializeSSL OpenSSL successfully initialized [OpenSSL 3.0.14 4 Jun 2024]
03-Sep-2024 00:06:26.776 INFO [main] org.apache.coyote.AbstractProtocol.init Initializing ProtocolHandler ["http-nio-8088"]
03-Sep-2024 00:06:26.800 INFO [main] org.apache.catalina.startup.Catalina.load Server initialization in [575] milliseconds
03-Sep-2024 00:06:26.860 INFO [main] org.apache.catalina.core.StandardService.startInternal Starting service [Catalina]
03-Sep-2024 00:06:26.861 INFO [main] org.apache.catalina.core.StandardEngine.startInternal Starting Servlet engine: [Apache Tomcat/11.0.0-M24]
03-Sep-2024 00:06:26.880 INFO [main] org.apache.catalina.startup.HostConfig.deployDescriptor Deploying deployment descriptor [C:\Users\lopamudrab_700055\Desktop\IdeaProjects\LeaveManagement\conf\Catalina\localhost\LeaveManagement.xml]
03-Sep-2024 00:06:28.238 INFO [main] java.util.ArrayList.forEach Name = YourDataSource Ignoring unknown property: value of "DB Connection" for "description" property
03-Sep-2024 00:06:28.299 INFO [main] org.apache.jasper.servlet.TldScanner.scanJars At least one JAR was scanned for TLDs yet contained no TLDs. Enable debug logging for this logger for a complete list of JARs that were scanned but no TLDs were found in them. Skipping unneeded JARs during scanning can improve startup time and JSP compilation time.
03-Sep-2024 00:06:28.359 INFO [main] org.apache.catalina.startup.HostConfig.deployDescriptor Deployment of deployment descriptor [C:\Users\lopamudrab_700055\Desktop\IdeaProjects\LeaveManagement\conf\Catalina\localhost\LeaveManagement.xml] has finished in [1,479] ms
03-Sep-2024 00:06:28.366 INFO [main] org.apache.coyote.AbstractProtocol.start Starting ProtocolHandler ["http-nio-8088"]
03-Sep-2024 00:06:28.426 INFO [main] org.apache.catalina.startup.Catalina.start Server startup in [1625] milliseconds
03-Sep-2024 00:10:25.915 INFO [Thread-1] org.apache.coyote.AbstractProtocol.pause Pausing ProtocolHandler ["http-nio-8088"]
03-Sep-2024 00:10:25.931 INFO [Thread-1] org.apache.catalina.core.StandardService.stopInternal Stopping service [Catalina]
03-Sep-2024 00:10:25.938 WARNING [Thread-1] org.apache.catalina.loader.WebappClassLoaderBase.clearReferencesJdbc The web application [LeaveManagement] registered the JDBC driver [com.mysql.cj.jdbc.Driver] but failed to unregister it when the web application was stopped. To prevent a memory leak, the JDBC Driver has been forcibly unregistered.
03-Sep-2024 00:10:25.939 WARNING [Thread-1] org.apache.catalina.loader.WebappClassLoaderBase.clearReferencesThreads The web application [LeaveManagement] appears to have started a thread named [mysql-cj-abandoned-connection-cleanup] but has failed to stop it. This is very likely to create a memory leak. Stack trace of thread:
 java.base/jdk.internal.misc.Unsafe.park(Native Method)
 java.base/java.util.concurrent.locks.LockSupport.parkNanos(LockSupport.java:269)
 java.base/java.util.concurrent.locks.AbstractQueuedSynchronizer$ConditionObject.await(AbstractQueuedSynchronizer.java:1847)
 java.base/java.lang.ref.ReferenceQueue.await(ReferenceQueue.java:71)
 java.base/java.lang.ref.ReferenceQueue.remove0(ReferenceQueue.java:143)
 java.base/java.lang.ref.ReferenceQueue.remove(ReferenceQueue.java:218)
 com.mysql.cj.jdbc.AbandonedConnectionCleanupThread.run(AbandonedConnectionCleanupThread.java:91)
 java.base/java.util.concurrent.ThreadPoolExecutor.runWorker(ThreadPoolExecutor.java:1144)
 java.base/java.util.concurrent.ThreadPoolExecutor$Worker.run(ThreadPoolExecutor.java:642)
 java.base/java.lang.Thread.run(Thread.java:1583)
03-Sep-2024 00:10:25.945 INFO [Thread-1] org.apache.coyote.AbstractProtocol.stop Stopping ProtocolHandler ["http-nio-8088"]
03-Sep-2024 00:10:25.962 INFO [Thread-1] org.apache.coyote.AbstractProtocol.destroy Destroying ProtocolHandler ["http-nio-8088"]
03-Sep-2024 00:10:31.262 INFO [main] org.apache.catalina.startup.VersionLoggerListener.log Server version name:   Apache Tomcat/11.0.0-M24
03-Sep-2024 00:10:31.267 INFO [main] org.apache.catalina.startup.VersionLoggerListener.log Server built:          Aug 2 2024 13:16:30 UTC
03-Sep-2024 00:10:31.268 INFO [main] org.apache.catalina.startup.VersionLoggerListener.log Server version number: 11.0.0.0
03-Sep-2024 00:10:31.268 INFO [main] org.apache.catalina.startup.VersionLoggerListener.log OS Name:               Windows 11
03-Sep-2024 00:10:31.268 INFO [main] org.apache.catalina.startup.VersionLoggerListener.log OS Version:            10.0
03-Sep-2024 00:10:31.268 INFO [main] org.apache.catalina.startup.VersionLoggerListener.log Architecture:          amd64
03-Sep-2024 00:10:31.268 INFO [main] org.apache.catalina.startup.VersionLoggerListener.log Java Home:             C:\Program Files\Java\jdk-21
03-Sep-2024 00:10:31.268 INFO [main] org.apache.catalina.startup.VersionLoggerListener.log JVM Version:           21.0.4+8-LTS-274
03-Sep-2024 00:10:31.268 INFO [main] org.apache.catalina.startup.VersionLoggerListener.log JVM Vendor:            Oracle Corporation
03-Sep-2024 00:10:31.269 INFO [main] org.apache.catalina.startup.VersionLoggerListener.log CATALINA_BASE:         C:\Users\lopamudrab_700055\Desktop\IdeaProjects\LeaveManagement
03-Sep-2024 00:10:31.269 INFO [main] org.apache.catalina.startup.VersionLoggerListener.log CATALINA_HOME:         C:\Users\lopamudrab_700055\Downloads\apache-tomcat-11.0.0-M24
03-Sep-2024 00:10:31.282 INFO [main] org.apache.catalina.startup.VersionLoggerListener.log Command line argument: --add-opens=java.base/java.lang=ALL-UNNAMED
03-Sep-2024 00:10:31.284 INFO [main] org.apache.catalina.startup.VersionLoggerListener.log Command line argument: --add-opens=java.base/java.io=ALL-UNNAMED
03-Sep-2024 00:10:31.284 INFO [main] org.apache.catalina.startup.VersionLoggerListener.log Command line argument: --add-opens=java.base/java.util=ALL-UNNAMED
03-Sep-2024 00:10:31.284 INFO [main] org.apache.catalina.startup.VersionLoggerListener.log Command line argument: --add-opens=java.base/java.util.concurrent=ALL-UNNAMED
03-Sep-2024 00:10:31.284 INFO [main] org.apache.catalina.startup.VersionLoggerListener.log Command line argument: --add-opens=java.rmi/sun.rmi.transport=ALL-UNNAMED
03-Sep-2024 00:10:31.284 INFO [main] org.apache.catalina.startup.VersionLoggerListener.log Command line argument: -Dcatalina.home=C:\Users\lopamudrab_700055\Downloads\apache-tomcat-11.0.0-M24
03-Sep-2024 00:10:31.284 INFO [main] org.apache.catalina.startup.VersionLoggerListener.log Command line argument: -Dcatalina.base=C:\Users\lopamudrab_700055\Desktop\IdeaProjects\LeaveManagement
03-Sep-2024 00:10:31.284 INFO [main] org.apache.catalina.startup.VersionLoggerListener.log Command line argument: -Djava.io.tmpdir=C:\Users\lopamudrab_700055\Desktop\IdeaProjects\LeaveManagement\temp
03-Sep-2024 00:10:31.284 INFO [main] org.apache.catalina.startup.VersionLoggerListener.log Command line argument: -Djava.util.logging.config.file=C:\Users\lopamudrab_700055\Desktop\IdeaProjects\LeaveManagement\conf\logging.properties
03-Sep-2024 00:10:31.284 INFO [main] org.apache.catalina.startup.VersionLoggerListener.log Command line argument: -Djava.util.logging.manager=org.apache.juli.ClassLoaderLogManager
03-Sep-2024 00:10:31.284 INFO [main] org.apache.catalina.startup.VersionLoggerListener.log Command line argument: -javaagent:C:\Program Files\JetBrains\IntelliJ IDEA 2024.2\lib\idea_rt.jar=55424:C:\Program Files\JetBrains\IntelliJ IDEA 2024.2\bin
03-Sep-2024 00:10:31.284 INFO [main] org.apache.catalina.startup.VersionLoggerListener.log Command line argument: -Dfile.encoding=UTF-8
03-Sep-2024 00:10:31.284 INFO [main] org.apache.catalina.startup.VersionLoggerListener.log Command line argument: -Dsun.stdout.encoding=UTF-8
03-Sep-2024 00:10:31.284 INFO [main] org.apache.catalina.startup.VersionLoggerListener.log Command line argument: -Dsun.stderr.encoding=UTF-8
03-Sep-2024 00:10:31.289 INFO [main] org.apache.catalina.core.AprLifecycleListener.lifecycleEvent Loaded Apache Tomcat Native library [2.0.8] using APR version [1.7.4].
03-Sep-2024 00:10:31.306 INFO [main] org.apache.catalina.core.AprLifecycleListener.initializeSSL OpenSSL successfully initialized [OpenSSL 3.0.14 4 Jun 2024]
03-Sep-2024 00:10:31.672 INFO [main] org.apache.coyote.AbstractProtocol.init Initializing ProtocolHandler ["http-nio-8088"]
03-Sep-2024 00:10:31.695 INFO [main] org.apache.catalina.startup.Catalina.load Server initialization in [627] milliseconds
03-Sep-2024 00:10:31.752 INFO [main] org.apache.catalina.core.StandardService.startInternal Starting service [Catalina]
03-Sep-2024 00:10:31.753 INFO [main] org.apache.catalina.core.StandardEngine.startInternal Starting Servlet engine: [Apache Tomcat/11.0.0-M24]
03-Sep-2024 00:10:31.768 INFO [main] org.apache.catalina.startup.HostConfig.deployDescriptor Deploying deployment descriptor [C:\Users\lopamudrab_700055\Desktop\IdeaProjects\LeaveManagement\conf\Catalina\localhost\LeaveManagement.xml]
03-Sep-2024 00:10:33.015 INFO [main] java.util.ArrayList.forEach Name = YourDataSource Ignoring unknown property: value of "DB Connection" for "description" property
03-Sep-2024 00:10:33.067 INFO [main] org.apache.jasper.servlet.TldScanner.scanJars At least one JAR was scanned for TLDs yet contained no TLDs. Enable debug logging for this logger for a complete list of JARs that were scanned but no TLDs were found in them. Skipping unneeded JARs during scanning can improve startup time and JSP compilation time.
03-Sep-2024 00:10:33.130 INFO [main] org.apache.catalina.startup.HostConfig.deployDescriptor Deployment of deployment descriptor [C:\Users\lopamudrab_700055\Desktop\IdeaProjects\LeaveManagement\conf\Catalina\localhost\LeaveManagement.xml] has finished in [1,360] ms
03-Sep-2024 00:10:33.134 INFO [main] org.apache.coyote.AbstractProtocol.start Starting ProtocolHandler ["http-nio-8088"]
03-Sep-2024 00:10:33.174 INFO [main] org.apache.catalina.startup.Catalina.start Server startup in [1477] milliseconds
03-Sep-2024 00:20:19.463 INFO [Thread-1] org.apache.coyote.AbstractProtocol.pause Pausing ProtocolHandler ["http-nio-8088"]
03-Sep-2024 00:20:19.476 INFO [Thread-1] org.apache.catalina.core.StandardService.stopInternal Stopping service [Catalina]
03-Sep-2024 00:20:19.485 WARNING [Thread-1] org.apache.catalina.loader.WebappClassLoaderBase.clearReferencesJdbc The web application [LeaveManagement] registered the JDBC driver [com.mysql.cj.jdbc.Driver] but failed to unregister it when the web application was stopped. To prevent a memory leak, the JDBC Driver has been forcibly unregistered.
03-Sep-2024 00:20:19.486 WARNING [Thread-1] org.apache.catalina.loader.WebappClassLoaderBase.clearReferencesThreads The web application [LeaveManagement] appears to have started a thread named [mysql-cj-abandoned-connection-cleanup] but has failed to stop it. This is very likely to create a memory leak. Stack trace of thread:
 java.base/jdk.internal.misc.Unsafe.park(Native Method)
 java.base/java.util.concurrent.locks.LockSupport.parkNanos(LockSupport.java:269)
 java.base/java.util.concurrent.locks.AbstractQueuedSynchronizer$ConditionObject.await(AbstractQueuedSynchronizer.java:1847)
 java.base/java.lang.ref.ReferenceQueue.await(ReferenceQueue.java:71)
 java.base/java.lang.ref.ReferenceQueue.remove0(ReferenceQueue.java:143)
 java.base/java.lang.ref.ReferenceQueue.remove(ReferenceQueue.java:218)
 com.mysql.cj.jdbc.AbandonedConnectionCleanupThread.run(AbandonedConnectionCleanupThread.java:91)
 java.base/java.util.concurrent.ThreadPoolExecutor.runWorker(ThreadPoolExecutor.java:1144)
 java.base/java.util.concurrent.ThreadPoolExecutor$Worker.run(ThreadPoolExecutor.java:642)
 java.base/java.lang.Thread.run(Thread.java:1583)
03-Sep-2024 00:20:19.492 INFO [Thread-1] org.apache.coyote.AbstractProtocol.stop Stopping ProtocolHandler ["http-nio-8088"]
03-Sep-2024 00:20:19.500 INFO [Thread-1] org.apache.coyote.AbstractProtocol.destroy Destroying ProtocolHandler ["http-nio-8088"]
03-Sep-2024 00:25:48.093 INFO [main] org.apache.catalina.startup.VersionLoggerListener.log Server version name:   Apache Tomcat/11.0.0-M24
03-Sep-2024 00:25:48.097 INFO [main] org.apache.catalina.startup.VersionLoggerListener.log Server built:          Aug 2 2024 13:16:30 UTC
03-Sep-2024 00:25:48.097 INFO [main] org.apache.catalina.startup.VersionLoggerListener.log Server version number: 11.0.0.0
03-Sep-2024 00:25:48.098 INFO [main] org.apache.catalina.startup.VersionLoggerListener.log OS Name:               Windows 11
03-Sep-2024 00:25:48.098 INFO [main] org.apache.catalina.startup.VersionLoggerListener.log OS Version:            10.0
03-Sep-2024 00:25:48.098 INFO [main] org.apache.catalina.startup.VersionLoggerListener.log Architecture:          amd64
03-Sep-2024 00:25:48.098 INFO [main] org.apache.catalina.startup.VersionLoggerListener.log Java Home:             C:\Program Files\Java\jdk-21
03-Sep-2024 00:25:48.098 INFO [main] org.apache.catalina.startup.VersionLoggerListener.log JVM Version:           21.0.4+8-LTS-274
03-Sep-2024 00:25:48.098 INFO [main] org.apache.catalina.startup.VersionLoggerListener.log JVM Vendor:            Oracle Corporation
03-Sep-2024 00:25:48.098 INFO [main] org.apache.catalina.startup.VersionLoggerListener.log CATALINA_BASE:         C:\Users\lopamudrab_700055\Desktop\IdeaProjects\LeaveManagement
03-Sep-2024 00:25:48.098 INFO [main] org.apache.catalina.startup.VersionLoggerListener.log CATALINA_HOME:         C:\Users\lopamudrab_700055\Downloads\apache-tomcat-11.0.0-M24
03-Sep-2024 00:25:48.110 INFO [main] org.apache.catalina.startup.VersionLoggerListener.log Command line argument: --add-opens=java.base/java.lang=ALL-UNNAMED
03-Sep-2024 00:25:48.110 INFO [main] org.apache.catalina.startup.VersionLoggerListener.log Command line argument: --add-opens=java.base/java.io=ALL-UNNAMED
03-Sep-2024 00:25:48.110 INFO [main] org.apache.catalina.startup.VersionLoggerListener.log Command line argument: --add-opens=java.base/java.util=ALL-UNNAMED
03-Sep-2024 00:25:48.110 INFO [main] org.apache.catalina.startup.VersionLoggerListener.log Command line argument: --add-opens=java.base/java.util.concurrent=ALL-UNNAMED
03-Sep-2024 00:25:48.110 INFO [main] org.apache.catalina.startup.VersionLoggerListener.log Command line argument: --add-opens=java.rmi/sun.rmi.transport=ALL-UNNAMED
03-Sep-2024 00:25:48.110 INFO [main] org.apache.catalina.startup.VersionLoggerListener.log Command line argument: -Dcatalina.home=C:\Users\lopamudrab_700055\Downloads\apache-tomcat-11.0.0-M24
03-Sep-2024 00:25:48.110 INFO [main] org.apache.catalina.startup.VersionLoggerListener.log Command line argument: -Dcatalina.base=C:\Users\lopamudrab_700055\Desktop\IdeaProjects\LeaveManagement
03-Sep-2024 00:25:48.110 INFO [main] org.apache.catalina.startup.VersionLoggerListener.log Command line argument: -Djava.io.tmpdir=C:\Users\lopamudrab_700055\Desktop\IdeaProjects\LeaveManagement\temp
03-Sep-2024 00:25:48.110 INFO [main] org.apache.catalina.startup.VersionLoggerListener.log Command line argument: -Djava.util.logging.config.file=C:\Users\lopamudrab_700055\Desktop\IdeaProjects\LeaveManagement\conf\logging.properties
03-Sep-2024 00:25:48.110 INFO [main] org.apache.catalina.startup.VersionLoggerListener.log Command line argument: -Djava.util.logging.manager=org.apache.juli.ClassLoaderLogManager
03-Sep-2024 00:25:48.110 INFO [main] org.apache.catalina.startup.VersionLoggerListener.log Command line argument: -javaagent:C:\Program Files\JetBrains\IntelliJ IDEA 2024.2\lib\idea_rt.jar=55971:C:\Program Files\JetBrains\IntelliJ IDEA 2024.2\bin
03-Sep-2024 00:25:48.110 INFO [main] org.apache.catalina.startup.VersionLoggerListener.log Command line argument: -Dfile.encoding=UTF-8
03-Sep-2024 00:25:48.110 INFO [main] org.apache.catalina.startup.VersionLoggerListener.log Command line argument: -Dsun.stdout.encoding=UTF-8
03-Sep-2024 00:25:48.110 INFO [main] org.apache.catalina.startup.VersionLoggerListener.log Command line argument: -Dsun.stderr.encoding=UTF-8
03-Sep-2024 00:25:48.147 INFO [main] org.apache.catalina.core.AprLifecycleListener.lifecycleEvent Loaded Apache Tomcat Native library [2.0.8] using APR version [1.7.4].
03-Sep-2024 00:25:48.157 INFO [main] org.apache.catalina.core.AprLifecycleListener.initializeSSL OpenSSL successfully initialized [OpenSSL 3.0.14 4 Jun 2024]
03-Sep-2024 00:25:48.483 INFO [main] org.apache.coyote.AbstractProtocol.init Initializing ProtocolHandler ["http-nio-8088"]
03-Sep-2024 00:25:48.504 INFO [main] org.apache.catalina.startup.Catalina.load Server initialization in [599] milliseconds
03-Sep-2024 00:25:48.553 INFO [main] org.apache.catalina.core.StandardService.startInternal Starting service [Catalina]
03-Sep-2024 00:25:48.553 INFO [main] org.apache.catalina.core.StandardEngine.startInternal Starting Servlet engine: [Apache Tomcat/11.0.0-M24]
03-Sep-2024 00:25:48.567 INFO [main] org.apache.catalina.startup.HostConfig.deployDescriptor Deploying deployment descriptor [C:\Users\lopamudrab_700055\Desktop\IdeaProjects\LeaveManagement\conf\Catalina\localhost\LeaveManagement.xml]
03-Sep-2024 00:25:49.814 INFO [main] java.util.ArrayList.forEach Name = YourDataSource Ignoring unknown property: value of "DB Connection" for "description" property
03-Sep-2024 00:25:49.865 INFO [main] org.apache.jasper.servlet.TldScanner.scanJars At least one JAR was scanned for TLDs yet contained no TLDs. Enable debug logging for this logger for a complete list of JARs that were scanned but no TLDs were found in them. Skipping unneeded JARs during scanning can improve startup time and JSP compilation time.
03-Sep-2024 00:25:49.930 INFO [main] org.apache.catalina.startup.HostConfig.deployDescriptor Deployment of deployment descriptor [C:\Users\lopamudrab_700055\Desktop\IdeaProjects\LeaveManagement\conf\Catalina\localhost\LeaveManagement.xml] has finished in [1,363] ms
03-Sep-2024 00:25:49.934 INFO [main] org.apache.coyote.AbstractProtocol.start Starting ProtocolHandler ["http-nio-8088"]
03-Sep-2024 00:25:49.986 INFO [main] org.apache.catalina.startup.Catalina.start Server startup in [1479] milliseconds
03-Sep-2024 00:27:16.496 INFO [Thread-1] org.apache.coyote.AbstractProtocol.pause Pausing ProtocolHandler ["http-nio-8088"]
03-Sep-2024 00:27:16.514 INFO [Thread-1] org.apache.catalina.core.StandardService.stopInternal Stopping service [Catalina]
03-Sep-2024 00:27:16.530 WARNING [Thread-1] org.apache.catalina.loader.WebappClassLoaderBase.clearReferencesJdbc The web application [LeaveManagement] registered the JDBC driver [com.mysql.cj.jdbc.Driver] but failed to unregister it when the web application was stopped. To prevent a memory leak, the JDBC Driver has been forcibly unregistered.
03-Sep-2024 00:27:16.530 WARNING [Thread-1] org.apache.catalina.loader.WebappClassLoaderBase.clearReferencesThreads The web application [LeaveManagement] appears to have started a thread named [mysql-cj-abandoned-connection-cleanup] but has failed to stop it. This is very likely to create a memory leak. Stack trace of thread:
 java.base/jdk.internal.misc.Unsafe.park(Native Method)
 java.base/java.util.concurrent.locks.LockSupport.parkNanos(LockSupport.java:269)
 java.base/java.util.concurrent.locks.AbstractQueuedSynchronizer$ConditionObject.await(AbstractQueuedSynchronizer.java:1847)
 java.base/java.lang.ref.ReferenceQueue.await(ReferenceQueue.java:71)
 java.base/java.lang.ref.ReferenceQueue.remove0(ReferenceQueue.java:143)
 java.base/java.lang.ref.ReferenceQueue.remove(ReferenceQueue.java:218)
 com.mysql.cj.jdbc.AbandonedConnectionCleanupThread.run(AbandonedConnectionCleanupThread.java:91)
 java.base/java.util.concurrent.ThreadPoolExecutor.runWorker(ThreadPoolExecutor.java:1144)
 java.base/java.util.concurrent.ThreadPoolExecutor$Worker.run(ThreadPoolExecutor.java:642)
 java.base/java.lang.Thread.run(Thread.java:1583)
03-Sep-2024 00:27:16.536 INFO [Thread-1] org.apache.coyote.AbstractProtocol.stop Stopping ProtocolHandler ["http-nio-8088"]
03-Sep-2024 00:27:16.556 INFO [Thread-1] org.apache.coyote.AbstractProtocol.destroy Destroying ProtocolHandler ["http-nio-8088"]
03-Sep-2024 00:27:21.448 INFO [main] org.apache.catalina.startup.VersionLoggerListener.log Server version name:   Apache Tomcat/11.0.0-M24
03-Sep-2024 00:27:21.452 INFO [main] org.apache.catalina.startup.VersionLoggerListener.log Server built:          Aug 2 2024 13:16:30 UTC
03-Sep-2024 00:27:21.452 INFO [main] org.apache.catalina.startup.VersionLoggerListener.log Server version number: 11.0.0.0
03-Sep-2024 00:27:21.452 INFO [main] org.apache.catalina.startup.VersionLoggerListener.log OS Name:               Windows 11
03-Sep-2024 00:27:21.452 INFO [main] org.apache.catalina.startup.VersionLoggerListener.log OS Version:            10.0
03-Sep-2024 00:27:21.452 INFO [main] org.apache.catalina.startup.VersionLoggerListener.log Architecture:          amd64
03-Sep-2024 00:27:21.452 INFO [main] org.apache.catalina.startup.VersionLoggerListener.log Java Home:             C:\Program Files\Java\jdk-21
03-Sep-2024 00:27:21.452 INFO [main] org.apache.catalina.startup.VersionLoggerListener.log JVM Version:           21.0.4+8-LTS-274
03-Sep-2024 00:27:21.452 INFO [main] org.apache.catalina.startup.VersionLoggerListener.log JVM Vendor:            Oracle Corporation
03-Sep-2024 00:27:21.452 INFO [main] org.apache.catalina.startup.VersionLoggerListener.log CATALINA_BASE:         C:\Users\lopamudrab_700055\Desktop\IdeaProjects\LeaveManagement
03-Sep-2024 00:27:21.452 INFO [main] org.apache.catalina.startup.VersionLoggerListener.log CATALINA_HOME:         C:\Users\lopamudrab_700055\Downloads\apache-tomcat-11.0.0-M24
03-Sep-2024 00:27:21.463 INFO [main] org.apache.catalina.startup.VersionLoggerListener.log Command line argument: --add-opens=java.base/java.lang=ALL-UNNAMED
03-Sep-2024 00:27:21.463 INFO [main] org.apache.catalina.startup.VersionLoggerListener.log Command line argument: --add-opens=java.base/java.io=ALL-UNNAMED
03-Sep-2024 00:27:21.463 INFO [main] org.apache.catalina.startup.VersionLoggerListener.log Command line argument: --add-opens=java.base/java.util=ALL-UNNAMED
03-Sep-2024 00:27:21.463 INFO [main] org.apache.catalina.startup.VersionLoggerListener.log Command line argument: --add-opens=java.base/java.util.concurrent=ALL-UNNAMED
03-Sep-2024 00:27:21.463 INFO [main] org.apache.catalina.startup.VersionLoggerListener.log Command line argument: --add-opens=java.rmi/sun.rmi.transport=ALL-UNNAMED
03-Sep-2024 00:27:21.463 INFO [main] org.apache.catalina.startup.VersionLoggerListener.log Command line argument: -Dcatalina.home=C:\Users\lopamudrab_700055\Downloads\apache-tomcat-11.0.0-M24
03-Sep-2024 00:27:21.463 INFO [main] org.apache.catalina.startup.VersionLoggerListener.log Command line argument: -Dcatalina.base=C:\Users\lopamudrab_700055\Desktop\IdeaProjects\LeaveManagement
03-Sep-2024 00:27:21.463 INFO [main] org.apache.catalina.startup.VersionLoggerListener.log Command line argument: -Djava.io.tmpdir=C:\Users\lopamudrab_700055\Desktop\IdeaProjects\LeaveManagement\temp
03-Sep-2024 00:27:21.465 INFO [main] org.apache.catalina.startup.VersionLoggerListener.log Command line argument: -Djava.util.logging.config.file=C:\Users\lopamudrab_700055\Desktop\IdeaProjects\LeaveManagement\conf\logging.properties
03-Sep-2024 00:27:21.465 INFO [main] org.apache.catalina.startup.VersionLoggerListener.log Command line argument: -Djava.util.logging.manager=org.apache.juli.ClassLoaderLogManager
03-Sep-2024 00:27:21.465 INFO [main] org.apache.catalina.startup.VersionLoggerListener.log Command line argument: -javaagent:C:\Program Files\JetBrains\IntelliJ IDEA 2024.2\lib\idea_rt.jar=56086:C:\Program Files\JetBrains\IntelliJ IDEA 2024.2\bin
03-Sep-2024 00:27:21.465 INFO [main] org.apache.catalina.startup.VersionLoggerListener.log Command line argument: -Dfile.encoding=UTF-8
03-Sep-2024 00:27:21.465 INFO [main] org.apache.catalina.startup.VersionLoggerListener.log Command line argument: -Dsun.stdout.encoding=UTF-8
03-Sep-2024 00:27:21.465 INFO [main] org.apache.catalina.startup.VersionLoggerListener.log Command line argument: -Dsun.stderr.encoding=UTF-8
03-Sep-2024 00:27:21.468 INFO [main] org.apache.catalina.core.AprLifecycleListener.lifecycleEvent Loaded Apache Tomcat Native library [2.0.8] using APR version [1.7.4].
03-Sep-2024 00:27:21.478 INFO [main] org.apache.catalina.core.AprLifecycleListener.initializeSSL OpenSSL successfully initialized [OpenSSL 3.0.14 4 Jun 2024]
03-Sep-2024 00:27:21.831 INFO [main] org.apache.coyote.AbstractProtocol.init Initializing ProtocolHandler ["http-nio-8088"]
03-Sep-2024 00:27:21.850 INFO [main] org.apache.catalina.startup.Catalina.load Server initialization in [622] milliseconds
03-Sep-2024 00:27:21.910 INFO [main] org.apache.catalina.core.StandardService.startInternal Starting service [Catalina]
03-Sep-2024 00:27:21.911 INFO [main] org.apache.catalina.core.StandardEngine.startInternal Starting Servlet engine: [Apache Tomcat/11.0.0-M24]
03-Sep-2024 00:27:21.928 INFO [main] org.apache.catalina.startup.HostConfig.deployDescriptor Deploying deployment descriptor [C:\Users\lopamudrab_700055\Desktop\IdeaProjects\LeaveManagement\conf\Catalina\localhost\LeaveManagement.xml]
03-Sep-2024 00:27:23.134 INFO [main] java.util.ArrayList.forEach Name = YourDataSource Ignoring unknown property: value of "DB Connection" for "description" property
03-Sep-2024 00:27:23.191 INFO [main] org.apache.jasper.servlet.TldScanner.scanJars At least one JAR was scanned for TLDs yet contained no TLDs. Enable debug logging for this logger for a complete list of JARs that were scanned but no TLDs were found in them. Skipping unneeded JARs during scanning can improve startup time and JSP compilation time.
03-Sep-2024 00:27:23.246 INFO [main] org.apache.catalina.startup.HostConfig.deployDescriptor Deployment of deployment descriptor [C:\Users\lopamudrab_700055\Desktop\IdeaProjects\LeaveManagement\conf\Catalina\localhost\LeaveManagement.xml] has finished in [1,318] ms
03-Sep-2024 00:27:23.252 INFO [main] org.apache.coyote.AbstractProtocol.start Starting ProtocolHandler ["http-nio-8088"]
03-Sep-2024 00:27:23.301 INFO [main] org.apache.catalina.startup.Catalina.start Server startup in [1449] milliseconds
03-Sep-2024 00:28:11.070 INFO [Thread-1] org.apache.coyote.AbstractProtocol.pause Pausing ProtocolHandler ["http-nio-8088"]
03-Sep-2024 00:28:11.086 INFO [Thread-1] org.apache.catalina.core.StandardService.stopInternal Stopping service [Catalina]
03-Sep-2024 00:28:11.098 WARNING [Thread-1] org.apache.catalina.loader.WebappClassLoaderBase.clearReferencesJdbc The web application [LeaveManagement] registered the JDBC driver [com.mysql.cj.jdbc.Driver] but failed to unregister it when the web application was stopped. To prevent a memory leak, the JDBC Driver has been forcibly unregistered.
03-Sep-2024 00:28:11.099 WARNING [Thread-1] org.apache.catalina.loader.WebappClassLoaderBase.clearReferencesThreads The web application [LeaveManagement] appears to have started a thread named [mysql-cj-abandoned-connection-cleanup] but has failed to stop it. This is very likely to create a memory leak. Stack trace of thread:
 java.base/jdk.internal.misc.Unsafe.park(Native Method)
 java.base/java.util.concurrent.locks.LockSupport.parkNanos(LockSupport.java:269)
 java.base/java.util.concurrent.locks.AbstractQueuedSynchronizer$ConditionObject.await(AbstractQueuedSynchronizer.java:1847)
 java.base/java.lang.ref.ReferenceQueue.await(ReferenceQueue.java:71)
 java.base/java.lang.ref.ReferenceQueue.remove0(ReferenceQueue.java:143)
 java.base/java.lang.ref.ReferenceQueue.remove(ReferenceQueue.java:218)
 com.mysql.cj.jdbc.AbandonedConnectionCleanupThread.run(AbandonedConnectionCleanupThread.java:91)
 java.base/java.util.concurrent.ThreadPoolExecutor.runWorker(ThreadPoolExecutor.java:1144)
 java.base/java.util.concurrent.ThreadPoolExecutor$Worker.run(ThreadPoolExecutor.java:642)
 java.base/java.lang.Thread.run(Thread.java:1583)
03-Sep-2024 00:28:11.105 INFO [Thread-1] org.apache.coyote.AbstractProtocol.stop Stopping ProtocolHandler ["http-nio-8088"]
03-Sep-2024 00:28:11.122 INFO [Thread-1] org.apache.coyote.AbstractProtocol.destroy Destroying ProtocolHandler ["http-nio-8088"]
03-Sep-2024 00:28:15.759 INFO [main] org.apache.catalina.startup.VersionLoggerListener.log Server version name:   Apache Tomcat/11.0.0-M24
03-Sep-2024 00:28:15.763 INFO [main] org.apache.catalina.startup.VersionLoggerListener.log Server built:          Aug 2 2024 13:16:30 UTC
03-Sep-2024 00:28:15.763 INFO [main] org.apache.catalina.startup.VersionLoggerListener.log Server version number: 11.0.0.0
03-Sep-2024 00:28:15.763 INFO [main] org.apache.catalina.startup.VersionLoggerListener.log OS Name:               Windows 11
03-Sep-2024 00:28:15.763 INFO [main] org.apache.catalina.startup.VersionLoggerListener.log OS Version:            10.0
03-Sep-2024 00:28:15.763 INFO [main] org.apache.catalina.startup.VersionLoggerListener.log Architecture:          amd64
03-Sep-2024 00:28:15.763 INFO [main] org.apache.catalina.startup.VersionLoggerListener.log Java Home:             C:\Program Files\Java\jdk-21
03-Sep-2024 00:28:15.764 INFO [main] org.apache.catalina.startup.VersionLoggerListener.log JVM Version:           21.0.4+8-LTS-274
03-Sep-2024 00:28:15.764 INFO [main] org.apache.catalina.startup.VersionLoggerListener.log JVM Vendor:            Oracle Corporation
03-Sep-2024 00:28:15.764 INFO [main] org.apache.catalina.startup.VersionLoggerListener.log CATALINA_BASE:         C:\Users\lopamudrab_700055\Desktop\IdeaProjects\LeaveManagement
03-Sep-2024 00:28:15.764 INFO [main] org.apache.catalina.startup.VersionLoggerListener.log CATALINA_HOME:         C:\Users\lopamudrab_700055\Downloads\apache-tomcat-11.0.0-M24
03-Sep-2024 00:28:15.778 INFO [main] org.apache.catalina.startup.VersionLoggerListener.log Command line argument: --add-opens=java.base/java.lang=ALL-UNNAMED
03-Sep-2024 00:28:15.778 INFO [main] org.apache.catalina.startup.VersionLoggerListener.log Command line argument: --add-opens=java.base/java.io=ALL-UNNAMED
03-Sep-2024 00:28:15.778 INFO [main] org.apache.catalina.startup.VersionLoggerListener.log Command line argument: --add-opens=java.base/java.util=ALL-UNNAMED
03-Sep-2024 00:28:15.778 INFO [main] org.apache.catalina.startup.VersionLoggerListener.log Command line argument: --add-opens=java.base/java.util.concurrent=ALL-UNNAMED
03-Sep-2024 00:28:15.778 INFO [main] org.apache.catalina.startup.VersionLoggerListener.log Command line argument: --add-opens=java.rmi/sun.rmi.transport=ALL-UNNAMED
03-Sep-2024 00:28:15.778 INFO [main] org.apache.catalina.startup.VersionLoggerListener.log Command line argument: -Dcatalina.home=C:\Users\lopamudrab_700055\Downloads\apache-tomcat-11.0.0-M24
03-Sep-2024 00:28:15.778 INFO [main] org.apache.catalina.startup.VersionLoggerListener.log Command line argument: -Dcatalina.base=C:\Users\lopamudrab_700055\Desktop\IdeaProjects\LeaveManagement
03-Sep-2024 00:28:15.778 INFO [main] org.apache.catalina.startup.VersionLoggerListener.log Command line argument: -Djava.io.tmpdir=C:\Users\lopamudrab_700055\Desktop\IdeaProjects\LeaveManagement\temp
03-Sep-2024 00:28:15.778 INFO [main] org.apache.catalina.startup.VersionLoggerListener.log Command line argument: -Djava.util.logging.config.file=C:\Users\lopamudrab_700055\Desktop\IdeaProjects\LeaveManagement\conf\logging.properties
03-Sep-2024 00:28:15.778 INFO [main] org.apache.catalina.startup.VersionLoggerListener.log Command line argument: -Djava.util.logging.manager=org.apache.juli.ClassLoaderLogManager
03-Sep-2024 00:28:15.779 INFO [main] org.apache.catalina.startup.VersionLoggerListener.log Command line argument: -javaagent:C:\Program Files\JetBrains\IntelliJ IDEA 2024.2\lib\idea_rt.jar=56126:C:\Program Files\JetBrains\IntelliJ IDEA 2024.2\bin
03-Sep-2024 00:28:15.779 INFO [main] org.apache.catalina.startup.VersionLoggerListener.log Command line argument: -Dfile.encoding=UTF-8
03-Sep-2024 00:28:15.779 INFO [main] org.apache.catalina.startup.VersionLoggerListener.log Command line argument: -Dsun.stdout.encoding=UTF-8
03-Sep-2024 00:28:15.779 INFO [main] org.apache.catalina.startup.VersionLoggerListener.log Command line argument: -Dsun.stderr.encoding=UTF-8
03-Sep-2024 00:28:15.783 INFO [main] org.apache.catalina.core.AprLifecycleListener.lifecycleEvent Loaded Apache Tomcat Native library [2.0.8] using APR version [1.7.4].
03-Sep-2024 00:28:15.795 INFO [main] org.apache.catalina.core.AprLifecycleListener.initializeSSL OpenSSL successfully initialized [OpenSSL 3.0.14 4 Jun 2024]
03-Sep-2024 00:28:16.122 INFO [main] org.apache.coyote.AbstractProtocol.init Initializing ProtocolHandler ["http-nio-8088"]
03-Sep-2024 00:28:16.143 INFO [main] org.apache.catalina.startup.Catalina.load Server initialization in [590] milliseconds
03-Sep-2024 00:28:16.199 INFO [main] org.apache.catalina.core.StandardService.startInternal Starting service [Catalina]
03-Sep-2024 00:28:16.199 INFO [main] org.apache.catalina.core.StandardEngine.startInternal Starting Servlet engine: [Apache Tomcat/11.0.0-M24]
03-Sep-2024 00:28:16.215 INFO [main] org.apache.catalina.startup.HostConfig.deployDescriptor Deploying deployment descriptor [C:\Users\lopamudrab_700055\Desktop\IdeaProjects\LeaveManagement\conf\Catalina\localhost\LeaveManagement.xml]
03-Sep-2024 00:28:17.481 INFO [main] java.util.ArrayList.forEach Name = YourDataSource Ignoring unknown property: value of "DB Connection" for "description" property
03-Sep-2024 00:28:17.539 INFO [main] org.apache.jasper.servlet.TldScanner.scanJars At least one JAR was scanned for TLDs yet contained no TLDs. Enable debug logging for this logger for a complete list of JARs that were scanned but no TLDs were found in them. Skipping unneeded JARs during scanning can improve startup time and JSP compilation time.
03-Sep-2024 00:28:17.599 INFO [main] org.apache.catalina.startup.HostConfig.deployDescriptor Deployment of deployment descriptor [C:\Users\lopamudrab_700055\Desktop\IdeaProjects\LeaveManagement\conf\Catalina\localhost\LeaveManagement.xml] has finished in [1,383] ms
03-Sep-2024 00:28:17.604 INFO [main] org.apache.coyote.AbstractProtocol.start Starting ProtocolHandler ["http-nio-8088"]
03-Sep-2024 00:28:17.651 INFO [main] org.apache.catalina.startup.Catalina.start Server startup in [1506] milliseconds
03-Sep-2024 00:30:33.922 INFO [Thread-1] org.apache.coyote.AbstractProtocol.pause Pausing ProtocolHandler ["http-nio-8088"]
03-Sep-2024 00:30:33.937 INFO [Thread-1] org.apache.catalina.core.StandardService.stopInternal Stopping service [Catalina]
03-Sep-2024 00:30:33.950 WARNING [Thread-1] org.apache.catalina.loader.WebappClassLoaderBase.clearReferencesJdbc The web application [LeaveManagement] registered the JDBC driver [com.mysql.cj.jdbc.Driver] but failed to unregister it when the web application was stopped. To prevent a memory leak, the JDBC Driver has been forcibly unregistered.
03-Sep-2024 00:30:33.951 WARNING [Thread-1] org.apache.catalina.loader.WebappClassLoaderBase.clearReferencesThreads The web application [LeaveManagement] appears to have started a thread named [mysql-cj-abandoned-connection-cleanup] but has failed to stop it. This is very likely to create a memory leak. Stack trace of thread:
 java.base/jdk.internal.misc.Unsafe.park(Native Method)
 java.base/java.util.concurrent.locks.LockSupport.parkNanos(LockSupport.java:269)
 java.base/java.util.concurrent.locks.AbstractQueuedSynchronizer$ConditionObject.await(AbstractQueuedSynchronizer.java:1847)
 java.base/java.lang.ref.ReferenceQueue.await(ReferenceQueue.java:71)
 java.base/java.lang.ref.ReferenceQueue.remove0(ReferenceQueue.java:143)
 java.base/java.lang.ref.ReferenceQueue.remove(ReferenceQueue.java:218)
 com.mysql.cj.jdbc.AbandonedConnectionCleanupThread.run(AbandonedConnectionCleanupThread.java:91)
 java.base/java.util.concurrent.ThreadPoolExecutor.runWorker(ThreadPoolExecutor.java:1144)
 java.base/java.util.concurrent.ThreadPoolExecutor$Worker.run(ThreadPoolExecutor.java:642)
 java.base/java.lang.Thread.run(Thread.java:1583)
03-Sep-2024 00:30:33.956 INFO [Thread-1] org.apache.coyote.AbstractProtocol.stop Stopping ProtocolHandler ["http-nio-8088"]
03-Sep-2024 00:30:33.963 INFO [Thread-1] org.apache.coyote.AbstractProtocol.destroy Destroying ProtocolHandler ["http-nio-8088"]
