03-Sep-2024 11:47:37.193 SEVERE [http-nio-8088-exec-2] org.apache.catalina.core.StandardWrapperValve.invoke Servlet.service() for servlet [com.wavemaker.leavemanagement.servlet.TeamLeavesServlet] in context with path [/LeaveManagement] threw exception
	java.lang.IllegalStateException: Unable to process parts as no multi-part configuration has been provided
		at org.apache.catalina.connector.Request.parseParts(Request.java:2426)
		at org.apache.catalina.connector.Request.doParseParameters(Request.java:2807)
		at org.apache.catalina.connector.Request.parseParameters(Request.java:2754)
		at org.apache.catalina.connector.Request.getParameter(Request.java:1043)
		at org.apache.catalina.connector.RequestFacade.getParameter(RequestFacade.java:152)
		at com.wavemaker.leavemanagement.servlet.TeamLeavesServlet.doGet(TeamLeavesServlet.java:44)
		at jakarta.servlet.http.HttpServlet.service(HttpServlet.java:619)
		at jakarta.servlet.http.HttpServlet.service(HttpServlet.java:716)
		at org.apache.catalina.core.ApplicationFilterChain.doFilter(ApplicationFilterChain.java:130)
		at org.apache.tomcat.websocket.server.WsFilter.doFilter(WsFilter.java:51)
		at org.apache.catalina.core.ApplicationFilterChain.doFilter(ApplicationFilterChain.java:109)
		at org.apache.catalina.core.StandardWrapperValve.invoke(StandardWrapperValve.java:167)
		at org.apache.catalina.core.StandardContextValve.invoke(StandardContextValve.java:79)
		at org.apache.catalina.authenticator.AuthenticatorBase.invoke(AuthenticatorBase.java:483)
		at org.apache.catalina.core.StandardHostValve.invoke(StandardHostValve.java:115)
		at org.apache.catalina.valves.ErrorReportValve.invoke(ErrorReportValve.java:93)
		at org.apache.catalina.valves.AbstractAccessLogValve.invoke(AbstractAccessLogValve.java:663)
		at org.apache.catalina.core.StandardEngineValve.invoke(StandardEngineValve.java:74)
		at org.apache.catalina.connector.CoyoteAdapter.service(CoyoteAdapter.java:342)
		at org.apache.coyote.http11.Http11Processor.service(Http11Processor.java:382)
		at org.apache.coyote.AbstractProcessorLight.process(AbstractProcessorLight.java:63)
		at org.apache.coyote.AbstractProtocol$ConnectionHandler.process(AbstractProtocol.java:904)
		at org.apache.tomcat.util.net.NioEndpoint$SocketProcessor.doRun(NioEndpoint.java:1746)
		at org.apache.tomcat.util.net.SocketProcessorBase.run(SocketProcessorBase.java:52)
		at org.apache.tomcat.util.threads.ThreadPoolExecutor.runWorker(ThreadPoolExecutor.java:1148)
		at org.apache.tomcat.util.threads.ThreadPoolExecutor$Worker.run(ThreadPoolExecutor.java:636)
		at org.apache.tomcat.util.threads.TaskThread$WrappingRunnable.run(TaskThread.java:63)
		at java.base/java.lang.Thread.run(Thread.java:1583)
03-Sep-2024 11:47:46.123 SEVERE [http-nio-8088-exec-4] org.apache.catalina.core.StandardWrapperValve.invoke Servlet.service() for servlet [com.wavemaker.leavemanagement.servlet.TeamLeavesServlet] in context with path [/LeaveManagement] threw exception
	java.lang.IllegalStateException: Unable to process parts as no multi-part configuration has been provided
		at org.apache.catalina.connector.Request.parseParts(Request.java:2426)
		at org.apache.catalina.connector.Request.doParseParameters(Request.java:2807)
		at org.apache.catalina.connector.Request.parseParameters(Request.java:2754)
		at org.apache.catalina.connector.Request.getParameter(Request.java:1043)
		at org.apache.catalina.connector.RequestFacade.getParameter(RequestFacade.java:152)
		at com.wavemaker.leavemanagement.servlet.TeamLeavesServlet.doGet(TeamLeavesServlet.java:44)
		at jakarta.servlet.http.HttpServlet.service(HttpServlet.java:619)
		at jakarta.servlet.http.HttpServlet.service(HttpServlet.java:716)
		at org.apache.catalina.core.ApplicationFilterChain.doFilter(ApplicationFilterChain.java:130)
		at org.apache.tomcat.websocket.server.WsFilter.doFilter(WsFilter.java:51)
		at org.apache.catalina.core.ApplicationFilterChain.doFilter(ApplicationFilterChain.java:109)
		at org.apache.catalina.core.StandardWrapperValve.invoke(StandardWrapperValve.java:167)
		at org.apache.catalina.core.StandardContextValve.invoke(StandardContextValve.java:79)
		at org.apache.catalina.authenticator.AuthenticatorBase.invoke(AuthenticatorBase.java:483)
		at org.apache.catalina.core.StandardHostValve.invoke(StandardHostValve.java:115)
		at org.apache.catalina.valves.ErrorReportValve.invoke(ErrorReportValve.java:93)
		at org.apache.catalina.valves.AbstractAccessLogValve.invoke(AbstractAccessLogValve.java:663)
		at org.apache.catalina.core.StandardEngineValve.invoke(StandardEngineValve.java:74)
		at org.apache.catalina.connector.CoyoteAdapter.service(CoyoteAdapter.java:342)
		at org.apache.coyote.http11.Http11Processor.service(Http11Processor.java:382)
		at org.apache.coyote.AbstractProcessorLight.process(AbstractProcessorLight.java:63)
		at org.apache.coyote.AbstractProtocol$ConnectionHandler.process(AbstractProtocol.java:904)
		at org.apache.tomcat.util.net.NioEndpoint$SocketProcessor.doRun(NioEndpoint.java:1746)
		at org.apache.tomcat.util.net.SocketProcessorBase.run(SocketProcessorBase.java:52)
		at org.apache.tomcat.util.threads.ThreadPoolExecutor.runWorker(ThreadPoolExecutor.java:1148)
		at org.apache.tomcat.util.threads.ThreadPoolExecutor$Worker.run(ThreadPoolExecutor.java:636)
		at org.apache.tomcat.util.threads.TaskThread$WrappingRunnable.run(TaskThread.java:63)
		at java.base/java.lang.Thread.run(Thread.java:1583)
03-Sep-2024 11:48:42.053 SEVERE [http-nio-8088-exec-7] org.apache.catalina.core.StandardWrapperValve.invoke Servlet.service() for servlet [com.wavemaker.leavemanagement.servlet.TeamLeavesServlet] in context with path [/LeaveManagement] threw exception
	java.lang.IllegalStateException: Unable to process parts as no multi-part configuration has been provided
		at org.apache.catalina.connector.Request.parseParts(Request.java:2426)
		at org.apache.catalina.connector.Request.doParseParameters(Request.java:2807)
		at org.apache.catalina.connector.Request.parseParameters(Request.java:2754)
		at org.apache.catalina.connector.Request.getParameter(Request.java:1043)
		at org.apache.catalina.connector.RequestFacade.getParameter(RequestFacade.java:152)
		at com.wavemaker.leavemanagement.servlet.TeamLeavesServlet.doGet(TeamLeavesServlet.java:44)
		at jakarta.servlet.http.HttpServlet.service(HttpServlet.java:619)
		at jakarta.servlet.http.HttpServlet.service(HttpServlet.java:716)
		at org.apache.catalina.core.ApplicationFilterChain.doFilter(ApplicationFilterChain.java:130)
		at org.apache.tomcat.websocket.server.WsFilter.doFilter(WsFilter.java:51)
		at org.apache.catalina.core.ApplicationFilterChain.doFilter(ApplicationFilterChain.java:109)
		at org.apache.catalina.core.StandardWrapperValve.invoke(StandardWrapperValve.java:167)
		at org.apache.catalina.core.StandardContextValve.invoke(StandardContextValve.java:79)
		at org.apache.catalina.authenticator.AuthenticatorBase.invoke(AuthenticatorBase.java:483)
		at org.apache.catalina.core.StandardHostValve.invoke(StandardHostValve.java:115)
		at org.apache.catalina.valves.ErrorReportValve.invoke(ErrorReportValve.java:93)
		at org.apache.catalina.valves.AbstractAccessLogValve.invoke(AbstractAccessLogValve.java:663)
		at org.apache.catalina.core.StandardEngineValve.invoke(StandardEngineValve.java:74)
		at org.apache.catalina.connector.CoyoteAdapter.service(CoyoteAdapter.java:342)
		at org.apache.coyote.http11.Http11Processor.service(Http11Processor.java:382)
		at org.apache.coyote.AbstractProcessorLight.process(AbstractProcessorLight.java:63)
		at org.apache.coyote.AbstractProtocol$ConnectionHandler.process(AbstractProtocol.java:904)
		at org.apache.tomcat.util.net.NioEndpoint$SocketProcessor.doRun(NioEndpoint.java:1746)
		at org.apache.tomcat.util.net.SocketProcessorBase.run(SocketProcessorBase.java:52)
		at org.apache.tomcat.util.threads.ThreadPoolExecutor.runWorker(ThreadPoolExecutor.java:1148)
		at org.apache.tomcat.util.threads.ThreadPoolExecutor$Worker.run(ThreadPoolExecutor.java:636)
		at org.apache.tomcat.util.threads.TaskThread$WrappingRunnable.run(TaskThread.java:63)
		at java.base/java.lang.Thread.run(Thread.java:1583)
03-Sep-2024 11:55:09.972 SEVERE [http-nio-8088-exec-1] org.apache.catalina.core.StandardWrapperValve.invoke Servlet.service() for servlet [com.wavemaker.leavemanagement.servlet.TeamLeavesServlet] in context with path [/LeaveManagement] threw exception
	java.lang.IllegalStateException: Unable to process parts as no multi-part configuration has been provided
		at org.apache.catalina.connector.Request.parseParts(Request.java:2426)
		at org.apache.catalina.connector.Request.doParseParameters(Request.java:2807)
		at org.apache.catalina.connector.Request.parseParameters(Request.java:2754)
		at org.apache.catalina.connector.Request.getParameter(Request.java:1043)
		at org.apache.catalina.connector.RequestFacade.getParameter(RequestFacade.java:152)
		at com.wavemaker.leavemanagement.servlet.TeamLeavesServlet.doGet(TeamLeavesServlet.java:44)
		at jakarta.servlet.http.HttpServlet.service(HttpServlet.java:619)
		at jakarta.servlet.http.HttpServlet.service(HttpServlet.java:716)
		at org.apache.catalina.core.ApplicationFilterChain.doFilter(ApplicationFilterChain.java:130)
		at org.apache.tomcat.websocket.server.WsFilter.doFilter(WsFilter.java:51)
		at org.apache.catalina.core.ApplicationFilterChain.doFilter(ApplicationFilterChain.java:109)
		at org.apache.catalina.core.StandardWrapperValve.invoke(StandardWrapperValve.java:167)
		at org.apache.catalina.core.StandardContextValve.invoke(StandardContextValve.java:79)
		at org.apache.catalina.authenticator.AuthenticatorBase.invoke(AuthenticatorBase.java:483)
		at org.apache.catalina.core.StandardHostValve.invoke(StandardHostValve.java:115)
		at org.apache.catalina.valves.ErrorReportValve.invoke(ErrorReportValve.java:93)
		at org.apache.catalina.valves.AbstractAccessLogValve.invoke(AbstractAccessLogValve.java:663)
		at org.apache.catalina.core.StandardEngineValve.invoke(StandardEngineValve.java:74)
		at org.apache.catalina.connector.CoyoteAdapter.service(CoyoteAdapter.java:342)
		at org.apache.coyote.http11.Http11Processor.service(Http11Processor.java:382)
		at org.apache.coyote.AbstractProcessorLight.process(AbstractProcessorLight.java:63)
		at org.apache.coyote.AbstractProtocol$ConnectionHandler.process(AbstractProtocol.java:904)
		at org.apache.tomcat.util.net.NioEndpoint$SocketProcessor.doRun(NioEndpoint.java:1746)
		at org.apache.tomcat.util.net.SocketProcessorBase.run(SocketProcessorBase.java:52)
		at org.apache.tomcat.util.threads.ThreadPoolExecutor.runWorker(ThreadPoolExecutor.java:1148)
		at org.apache.tomcat.util.threads.ThreadPoolExecutor$Worker.run(ThreadPoolExecutor.java:636)
		at org.apache.tomcat.util.threads.TaskThread$WrappingRunnable.run(TaskThread.java:63)
		at java.base/java.lang.Thread.run(Thread.java:1583)
03-Sep-2024 12:15:42.051 SEVERE [http-nio-8088-exec-2] org.apache.catalina.core.StandardWrapperValve.invoke Servlet.service() for servlet [com.wavemaker.leavemanagement.servlet.TeamLeavesServlet] in context with path [/LeaveManagement] threw exception
	java.lang.IllegalStateException: Unable to process parts as no multi-part configuration has been provided
		at org.apache.catalina.connector.Request.parseParts(Request.java:2426)
		at org.apache.catalina.connector.Request.doParseParameters(Request.java:2807)
		at org.apache.catalina.connector.Request.parseParameters(Request.java:2754)
		at org.apache.catalina.connector.Request.getParameter(Request.java:1043)
		at org.apache.catalina.connector.RequestFacade.getParameter(RequestFacade.java:152)
		at com.wavemaker.leavemanagement.servlet.TeamLeavesServlet.doGet(TeamLeavesServlet.java:44)
		at jakarta.servlet.http.HttpServlet.service(HttpServlet.java:619)
		at jakarta.servlet.http.HttpServlet.service(HttpServlet.java:716)
		at org.apache.catalina.core.ApplicationFilterChain.doFilter(ApplicationFilterChain.java:130)
		at org.apache.tomcat.websocket.server.WsFilter.doFilter(WsFilter.java:51)
		at org.apache.catalina.core.ApplicationFilterChain.doFilter(ApplicationFilterChain.java:109)
		at org.apache.catalina.core.StandardWrapperValve.invoke(StandardWrapperValve.java:167)
		at org.apache.catalina.core.StandardContextValve.invoke(StandardContextValve.java:79)
		at org.apache.catalina.authenticator.AuthenticatorBase.invoke(AuthenticatorBase.java:483)
		at org.apache.catalina.core.StandardHostValve.invoke(StandardHostValve.java:115)
		at org.apache.catalina.valves.ErrorReportValve.invoke(ErrorReportValve.java:93)
		at org.apache.catalina.valves.AbstractAccessLogValve.invoke(AbstractAccessLogValve.java:663)
		at org.apache.catalina.core.StandardEngineValve.invoke(StandardEngineValve.java:74)
		at org.apache.catalina.connector.CoyoteAdapter.service(CoyoteAdapter.java:342)
		at org.apache.coyote.http11.Http11Processor.service(Http11Processor.java:382)
		at org.apache.coyote.AbstractProcessorLight.process(AbstractProcessorLight.java:63)
		at org.apache.coyote.AbstractProtocol$ConnectionHandler.process(AbstractProtocol.java:904)
		at org.apache.tomcat.util.net.NioEndpoint$SocketProcessor.doRun(NioEndpoint.java:1746)
		at org.apache.tomcat.util.net.SocketProcessorBase.run(SocketProcessorBase.java:52)
		at org.apache.tomcat.util.threads.ThreadPoolExecutor.runWorker(ThreadPoolExecutor.java:1148)
		at org.apache.tomcat.util.threads.ThreadPoolExecutor$Worker.run(ThreadPoolExecutor.java:636)
		at org.apache.tomcat.util.threads.TaskThread$WrappingRunnable.run(TaskThread.java:63)
		at java.base/java.lang.Thread.run(Thread.java:1583)
03-Sep-2024 13:23:23.365 SEVERE [http-nio-8088-exec-2] org.apache.catalina.core.StandardWrapperValve.invoke Servlet.service() for servlet [com.wavemaker.leavemanagement.servlet.TeamLeavesServlet] in context with path [/LeaveManagement] threw exception
	java.lang.IllegalStateException: Cannot call sendError() after the response has been committed
		at org.apache.catalina.connector.ResponseFacade.checkCommitted(ResponseFacade.java:406)
		at org.apache.catalina.connector.ResponseFacade.sendError(ResponseFacade.java:254)
		at com.wavemaker.leavemanagement.servlet.TeamLeavesServlet.doPut(TeamLeavesServlet.java:154)
		at jakarta.servlet.http.HttpServlet.service(HttpServlet.java:648)
		at jakarta.servlet.http.HttpServlet.service(HttpServlet.java:716)
		at org.apache.catalina.core.ApplicationFilterChain.doFilter(ApplicationFilterChain.java:130)
		at org.apache.tomcat.websocket.server.WsFilter.doFilter(WsFilter.java:51)
		at org.apache.catalina.core.ApplicationFilterChain.doFilter(ApplicationFilterChain.java:109)
		at org.apache.catalina.core.StandardWrapperValve.invoke(StandardWrapperValve.java:167)
		at org.apache.catalina.core.StandardContextValve.invoke(StandardContextValve.java:79)
		at org.apache.catalina.authenticator.AuthenticatorBase.invoke(AuthenticatorBase.java:483)
		at org.apache.catalina.core.StandardHostValve.invoke(StandardHostValve.java:115)
		at org.apache.catalina.valves.ErrorReportValve.invoke(ErrorReportValve.java:93)
		at org.apache.catalina.valves.AbstractAccessLogValve.invoke(AbstractAccessLogValve.java:663)
		at org.apache.catalina.core.StandardEngineValve.invoke(StandardEngineValve.java:74)
		at org.apache.catalina.connector.CoyoteAdapter.service(CoyoteAdapter.java:342)
		at org.apache.coyote.http11.Http11Processor.service(Http11Processor.java:382)
		at org.apache.coyote.AbstractProcessorLight.process(AbstractProcessorLight.java:63)
		at org.apache.coyote.AbstractProtocol$ConnectionHandler.process(AbstractProtocol.java:904)
		at org.apache.tomcat.util.net.NioEndpoint$SocketProcessor.doRun(NioEndpoint.java:1746)
		at org.apache.tomcat.util.net.SocketProcessorBase.run(SocketProcessorBase.java:52)
		at org.apache.tomcat.util.threads.ThreadPoolExecutor.runWorker(ThreadPoolExecutor.java:1148)
		at org.apache.tomcat.util.threads.ThreadPoolExecutor$Worker.run(ThreadPoolExecutor.java:636)
		at org.apache.tomcat.util.threads.TaskThread$WrappingRunnable.run(TaskThread.java:63)
		at java.base/java.lang.Thread.run(Thread.java:1583)
